#
# There is insufficient memory for the Java Runtime Environment to continue.
# Native memory allocation (malloc) failed to allocate 1546896 bytes for Chunk::new
# Possible reasons:
#   The system is out of physical RAM or swap space
#   The process is running with CompressedOops enabled, and the Java Heap may be blocking the growth of the native heap
# Possible solutions:
#   Reduce memory load on the system
#   Increase physical memory or swap space
#   Check if swap backing store is full
#   Decrease Java heap size (-Xmx/-Xms)
#   Decrease number of Java threads
#   Decrease Java thread stack sizes (-Xss)
#   Set larger code cache with -XX:ReservedCodeCacheSize=
#   JVM is running with Zero Based Compressed Oops mode in which the Java heap is
#     placed in the first 32GB address space. The Java Heap base address is the
#     maximum limit for the native heap growth. Please use -XX:HeapBaseMinAddress
#     to set the Java Heap base and to place the Java Heap above 32GB virtual address.
# This output file may be truncated or incomplete.
#
#  Out of Memory Error (arena.cpp:191), pid=10292, tid=1888
#
# JRE version: OpenJDK Runtime Environment JBR-17.0.9+7-1087.7-nomod (17.0.9+7) (build 17.0.9+7-b1087.7)
# Java VM: OpenJDK 64-Bit Server VM JBR-17.0.9+7-1087.7-nomod (17.0.9+7-b1087.7, mixed mode, tiered, compressed oops, compressed class ptrs, g1 gc, windows-amd64)
# No core dump will be written. Minidumps are not enabled by default on client versions of Windows
#

---------------  S U M M A R Y ------------

Command Line: --module-path=C:\Users\AGENT17\.m2\repository\org\openjfx\javafx-base\17\javafx-base-17-win.jar;C:\Users\AGENT17\.m2\repository\org\openjfx\javafx-base\17\javafx-base-17.jar;C:\Users\AGENT17\.m2\repository\org\openjfx\javafx-controls\17\javafx-controls-17-win.jar;C:\Users\AGENT17\.m2\repository\org\openjfx\javafx-controls\17\javafx-controls-17.jar;C:\Users\AGENT17\.m2\repository\org\openjfx\javafx-fxml\17\javafx-fxml-17-win.jar;C:\Users\AGENT17\.m2\repository\org\openjfx\javafx-fxml\17\javafx-fxml-17.jar;C:\Users\AGENT17\.m2\repository\org\openjfx\javafx-graphics\17\javafx-graphics-17-win.jar;C:\Users\AGENT17\.m2\repository\org\openjfx\javafx-graphics\17\javafx-graphics-17.jar --add-modules=javafx.base,javafx.base,javafx.controls,javafx.controls,javafx.fxml,javafx.fxml,javafx.graphics,javafx.graphics test.ServiceFX

Host: Intel(R) Core(TM) i5-8265U CPU @ 1.60GHz, 8 cores, 11G,  Windows 10 , 64 bit Build 19041 (10.0.19041.3636)
Time: Sun Apr 21 01:36:02 2024 W. Central Africa Standard Time elapsed time: 2.004927 seconds (0d 0h 0m 2s)

---------------  T H R E A D  ---------------

Current thread (0x000001d464e70cb0):  JavaThread "C2 CompilerThread1" daemon [_thread_in_native, id=1888, stack(0x000000065b200000,0x000000065b300000)]


Current CompileTask:
C2:   2004 2397       4       javafx.css.CompoundSelector::applies (144 bytes)

Stack: [0x000000065b200000,0x000000065b300000]
Native frames: (J=compiled Java code, j=interpreted, Vv=VM code, C=native code)
V  [jvm.dll+0x6886e9]


---------------  P R O C E S S  ---------------

Threads class SMR info:
_java_thread_list=0x000001d464dcece0, length=22, elements={
0x000001d43b2622d0, 0x000001d459992250, 0x000001d459993670, 0x000001d459826bc0,
0x000001d459827580, 0x000001d4599c3790, 0x000001d4599c4150, 0x000001d4599c9890,
0x000001d4599dd010, 0x000001d4599e05b0, 0x000001d459b5b960, 0x000001d45e2639a0,
0x000001d45e3e0110, 0x000001d45e6e10c0, 0x000001d45e6e44f0, 0x000001d462bfde00,
0x000001d45e6a9400, 0x000001d462cf19d0, 0x000001d462cf14c0, 0x000001d464e70cb0,
0x000001d462fc9290, 0x000001d462cef660
}

Java Threads: ( => current thread )
  0x000001d43b2622d0 JavaThread "main" [_thread_blocked, id=16268, stack(0x000000065a000000,0x000000065a100000)]
  0x000001d459992250 JavaThread "Reference Handler" daemon [_thread_blocked, id=15432, stack(0x000000065a700000,0x000000065a800000)]
  0x000001d459993670 JavaThread "Finalizer" daemon [_thread_blocked, id=19140, stack(0x000000065a800000,0x000000065a900000)]
  0x000001d459826bc0 JavaThread "Signal Dispatcher" daemon [_thread_blocked, id=940, stack(0x000000065a900000,0x000000065aa00000)]
  0x000001d459827580 JavaThread "Attach Listener" daemon [_thread_blocked, id=7956, stack(0x000000065aa00000,0x000000065ab00000)]
  0x000001d4599c3790 JavaThread "Service Thread" daemon [_thread_blocked, id=2804, stack(0x000000065ab00000,0x000000065ac00000)]
  0x000001d4599c4150 JavaThread "Monitor Deflation Thread" daemon [_thread_blocked, id=4928, stack(0x000000065ac00000,0x000000065ad00000)]
  0x000001d4599c9890 JavaThread "C2 CompilerThread0" daemon [_thread_in_native, id=18596, stack(0x000000065ad00000,0x000000065ae00000)]
  0x000001d4599dd010 JavaThread "C1 CompilerThread0" daemon [_thread_blocked, id=12184, stack(0x000000065ae00000,0x000000065af00000)]
  0x000001d4599e05b0 JavaThread "Sweeper thread" daemon [_thread_blocked, id=8604, stack(0x000000065af00000,0x000000065b000000)]
  0x000001d459b5b960 JavaThread "Common-Cleaner" daemon [_thread_blocked, id=13500, stack(0x000000065b000000,0x000000065b100000)]
  0x000001d45e2639a0 JavaThread "Notification Thread" daemon [_thread_blocked, id=10388, stack(0x000000065b300000,0x000000065b400000)]
  0x000001d45e3e0110 JavaThread "QuantumRenderer-0" daemon [_thread_blocked, id=18848, stack(0x000000065b500000,0x000000065b600000)]
  0x000001d45e6e10c0 JavaThread "InvokeLaterDispatcher" daemon [_thread_blocked, id=12704, stack(0x000000065b700000,0x000000065b800000)]
  0x000001d45e6e44f0 JavaThread "JavaFX Application Thread" [_thread_in_native, id=16380, stack(0x000000065b800000,0x000000065b900000)]
  0x000001d462bfde00 JavaThread "JavaFX-Launcher" [_thread_blocked, id=3092, stack(0x000000065bd00000,0x000000065be00000)]
  0x000001d45e6a9400 JavaThread "Thread-2" daemon [_thread_in_native, id=1400, stack(0x000000065bc00000,0x000000065bd00000)]
  0x000001d462cf19d0 JavaThread "mysql-cj-abandoned-connection-cleanup" daemon [_thread_blocked, id=16744, stack(0x000000065c200000,0x000000065c300000)]
  0x000001d462cf14c0 JavaThread "Prism Font Disposer" daemon [_thread_blocked, id=16348, stack(0x000000065b100000,0x000000065b200000)]
=>0x000001d464e70cb0 JavaThread "C2 CompilerThread1" daemon [_thread_in_native, id=1888, stack(0x000000065b200000,0x000000065b300000)]
  0x000001d462fc9290 JavaThread "C2 CompilerThread2" daemon [_thread_blocked, id=12368, stack(0x000000065c900000,0x000000065ca00000)]
  0x000001d462cef660 JavaThread "Cleaner-0" daemon [_thread_blocked, id=18600, stack(0x000000065ca00000,0x000000065cb00000)]

Other Threads:
  0x000001d459811560 VMThread "VM Thread" [stack: 0x000000065a600000,0x000000065a700000] [id=9176]
  0x000001d45e190ed0 WatcherThread [stack: 0x000000065b400000,0x000000065b500000] [id=15476]
  0x000001d43b2ba460 GCTaskThread "GC Thread#0" [stack: 0x000000065a100000,0x000000065a200000] [id=704]
  0x000001d462c24790 GCTaskThread "GC Thread#1" [stack: 0x000000065b600000,0x000000065b700000] [id=9812]
  0x000001d45e6a98e0 GCTaskThread "GC Thread#2" [stack: 0x000000065be00000,0x000000065bf00000] [id=3632]
  0x000001d45e76d3d0 GCTaskThread "GC Thread#3" [stack: 0x000000065bf00000,0x000000065c000000] [id=7496]
  0x000001d45e760b20 GCTaskThread "GC Thread#4" [stack: 0x000000065c000000,0x000000065c100000] [id=13956]
  0x000001d462c8b840 GCTaskThread "GC Thread#5" [stack: 0x000000065c100000,0x000000065c200000] [id=9888]
  0x000001d462c8d3c0 GCTaskThread "GC Thread#6" [stack: 0x000000065c300000,0x000000065c400000] [id=9476]
  0x000001d462c8c080 GCTaskThread "GC Thread#7" [stack: 0x000000065c400000,0x000000065c500000] [id=17040]
  0x000001d43b2c7040 ConcurrentGCThread "G1 Main Marker" [stack: 0x000000065a200000,0x000000065a300000] [id=14884]
  0x000001d43b2c8100 ConcurrentGCThread "G1 Conc#0" [stack: 0x000000065a300000,0x000000065a400000] [id=9152]
  0x000001d462c8bb00 ConcurrentGCThread "G1 Conc#1" [stack: 0x000000065c500000,0x000000065c600000] [id=4396]
  0x000001d43b316700 ConcurrentGCThread "G1 Refine#0" [stack: 0x000000065a400000,0x000000065a500000] [id=11584]
  0x000001d43b317030 ConcurrentGCThread "G1 Service" [stack: 0x000000065a500000,0x000000065a600000] [id=3564]

Threads with active compile tasks:
C2 CompilerThread0     2124 2754       4       java.lang.invoke.MethodType::makeImpl (109 bytes)
C2 CompilerThread1     2124 2397       4       javafx.css.CompoundSelector::applies (144 bytes)

VM state: not at safepoint (normal execution)

VM Mutex/Monitor currently owned by a thread: None

Heap address: 0x0000000742600000, size: 3034 MB, Compressed Oops mode: Zero based, Oop shift amount: 3

CDS archive(s) not mapped
Compressed class space mapped at: 0x0000000800000000-0x0000000840000000, reserved size: 1073741824
Narrow klass base: 0x0000000800000000, Narrow klass shift: 0, Narrow klass range: 0x40000000

GC Precious Log:
 CPUs: 8 total, 8 available
 Memory: 12133M
 Large Page Support: Disabled
 NUMA Support: Disabled
 Compressed Oops: Enabled (Zero based)
 Heap Region Size: 2M
 Heap Min Capacity: 8M
 Heap Initial Capacity: 190M
 Heap Max Capacity: 3034M
 Pre-touch: Disabled
 Parallel Workers: 8
 Concurrent Workers: 2
 Concurrent Refinement Workers: 8
 Periodic GC: Disabled

Heap:
 garbage-first heap   total 155648K, used 75064K [0x0000000742600000, 0x0000000800000000)
  region size 2048K, 4 young (8192K), 2 survivors (4096K)
 Metaspace       used 29075K, committed 29248K, reserved 1114112K
  class space    used 3694K, committed 3776K, reserved 1048576K

Heap Regions: E=young(eden), S=young(survivor), O=old, HS=humongous(starts), HC=humongous(continues), CS=collection set, F=free, OA=open archive, CA=closed archive, TAMS=top-at-mark-start (previous, next)
|   0|0x0000000742600000, 0x0000000742800000, 0x0000000742800000|100%|HS|  |TAMS 0x0000000742800000, 0x0000000742800000| Complete 
|   1|0x0000000742800000, 0x0000000742a00000, 0x0000000742a00000|100%|HC|  |TAMS 0x0000000742a00000, 0x0000000742a00000| Complete 
|   2|0x0000000742a00000, 0x0000000742c00000, 0x0000000742c00000|100%|HC|  |TAMS 0x0000000742c00000, 0x0000000742c00000| Complete 
|   3|0x0000000742c00000, 0x0000000742e00000, 0x0000000742e00000|100%|HS|  |TAMS 0x0000000742e00000, 0x0000000742e00000| Complete 
|   4|0x0000000742e00000, 0x0000000743000000, 0x0000000743000000|100%|HS|  |TAMS 0x0000000743000000, 0x0000000743000000| Complete 
|   5|0x0000000743000000, 0x0000000743200000, 0x0000000743200000|100%|HC|  |TAMS 0x0000000743200000, 0x0000000743200000| Complete 
|   6|0x0000000743200000, 0x0000000743400000, 0x0000000743400000|100%|HS|  |TAMS 0x0000000743400000, 0x0000000743400000| Complete 
|   7|0x0000000743400000, 0x0000000743600000, 0x0000000743600000|100%|HS|  |TAMS 0x0000000743600000, 0x0000000743600000| Complete 
|   8|0x0000000743600000, 0x0000000743800000, 0x0000000743800000|100%|HS|  |TAMS 0x0000000743800000, 0x0000000743800000| Complete 
|   9|0x0000000743800000, 0x0000000743a00000, 0x0000000743a00000|100%|HS|  |TAMS 0x0000000743a00000, 0x0000000743a00000| Complete 
|  10|0x0000000743a00000, 0x0000000743c00000, 0x0000000743c00000|100%|HS|  |TAMS 0x0000000743c00000, 0x0000000743c00000| Complete 
|  11|0x0000000743c00000, 0x0000000743e00000, 0x0000000743e00000|100%|HS|  |TAMS 0x0000000743e00000, 0x0000000743e00000| Complete 
|  12|0x0000000743e00000, 0x0000000744000000, 0x0000000744000000|100%|HC|  |TAMS 0x0000000744000000, 0x0000000744000000| Complete 
|  13|0x0000000744000000, 0x0000000744200000, 0x0000000744200000|100%|HC|  |TAMS 0x0000000744200000, 0x0000000744200000| Complete 
|  14|0x0000000744200000, 0x0000000744400000, 0x0000000744400000|100%|HS|  |TAMS 0x0000000744400000, 0x0000000744400000| Complete 
|  15|0x0000000744400000, 0x0000000744600000, 0x0000000744600000|100%|HS|  |TAMS 0x0000000744600000, 0x0000000744600000| Complete 
|  16|0x0000000744600000, 0x0000000744800000, 0x0000000744800000|100%|HS|  |TAMS 0x0000000744800000, 0x0000000744800000| Complete 
|  17|0x0000000744800000, 0x0000000744a00000, 0x0000000744a00000|100%|HS|  |TAMS 0x0000000744a00000, 0x0000000744a00000| Complete 
|  18|0x0000000744a00000, 0x0000000744c00000, 0x0000000744c00000|100%|HS|  |TAMS 0x0000000744c00000, 0x0000000744c00000| Complete 
|  19|0x0000000744c00000, 0x0000000744e00000, 0x0000000744e00000|100%|HS|  |TAMS 0x0000000744c00000, 0x0000000744e00000| Complete 
|  20|0x0000000744e00000, 0x0000000745000000, 0x0000000745000000|100%|HS|  |TAMS 0x0000000745000000, 0x0000000745000000| Complete 
|  21|0x0000000745000000, 0x0000000745200000, 0x0000000745200000|100%|HS|  |TAMS 0x0000000745200000, 0x0000000745200000| Complete 
|  22|0x0000000745200000, 0x0000000745400000, 0x0000000745400000|100%| O|  |TAMS 0x0000000745400000, 0x0000000745400000| Untracked 
|  23|0x0000000745400000, 0x0000000745600000, 0x0000000745600000|100%|HS|  |TAMS 0x0000000745400000, 0x0000000745600000| Complete 
|  24|0x0000000745600000, 0x0000000745800000, 0x0000000745800000|100%|HS|  |TAMS 0x0000000745600000, 0x0000000745800000| Complete 
|  25|0x0000000745800000, 0x0000000745a00000, 0x0000000745a00000|100%|HS|  |TAMS 0x0000000745800000, 0x0000000745a00000| Complete 
|  26|0x0000000745a00000, 0x0000000745c00000, 0x0000000745c00000|100%|HS|  |TAMS 0x0000000745a00000, 0x0000000745c00000| Complete 
|  27|0x0000000745c00000, 0x0000000745e00000, 0x0000000745e00000|100%|HS|  |TAMS 0x0000000745c00000, 0x0000000745e00000| Complete 
|  28|0x0000000745e00000, 0x0000000746000000, 0x0000000746000000|100%|HS|  |TAMS 0x0000000745e00000, 0x0000000746000000| Complete 
|  29|0x0000000746000000, 0x0000000746200000, 0x0000000746200000|100%|HS|  |TAMS 0x0000000746000000, 0x0000000746200000| Complete 
|  30|0x0000000746200000, 0x0000000746400000, 0x0000000746400000|100%|HS|  |TAMS 0x0000000746200000, 0x0000000746200000| Complete 
|  31|0x0000000746400000, 0x0000000746400000, 0x0000000746600000|  0%| F|  |TAMS 0x0000000746400000, 0x0000000746400000| Untracked 
|  32|0x0000000746600000, 0x0000000746600000, 0x0000000746800000|  0%| F|  |TAMS 0x0000000746600000, 0x0000000746600000| Untracked 
|  33|0x0000000746800000, 0x0000000746800000, 0x0000000746a00000|  0%| F|  |TAMS 0x0000000746800000, 0x0000000746800000| Untracked 
|  34|0x0000000746a00000, 0x0000000746a00000, 0x0000000746c00000|  0%| F|  |TAMS 0x0000000746a00000, 0x0000000746a00000| Untracked 
|  35|0x0000000746c00000, 0x0000000746c00000, 0x0000000746e00000|  0%| F|  |TAMS 0x0000000746c00000, 0x0000000746c00000| Untracked 
|  36|0x0000000746e00000, 0x0000000746e00000, 0x0000000747000000|  0%| F|  |TAMS 0x0000000746e00000, 0x0000000746e00000| Untracked 
|  37|0x0000000747000000, 0x0000000747000000, 0x0000000747200000|  0%| F|  |TAMS 0x0000000747000000, 0x0000000747000000| Untracked 
|  38|0x0000000747200000, 0x0000000747200000, 0x0000000747400000|  0%| F|  |TAMS 0x0000000747200000, 0x0000000747200000| Untracked 
|  39|0x0000000747400000, 0x0000000747400000, 0x0000000747600000|  0%| F|  |TAMS 0x0000000747400000, 0x0000000747400000| Untracked 
|  40|0x0000000747600000, 0x0000000747600000, 0x0000000747800000|  0%| F|  |TAMS 0x0000000747600000, 0x0000000747600000| Untracked 
|  41|0x0000000747800000, 0x0000000747800000, 0x0000000747a00000|  0%| F|  |TAMS 0x0000000747800000, 0x0000000747800000| Untracked 
|  42|0x0000000747a00000, 0x0000000747a00000, 0x0000000747c00000|  0%| F|  |TAMS 0x0000000747a00000, 0x0000000747a00000| Untracked 
|  43|0x0000000747c00000, 0x0000000747c00000, 0x0000000747e00000|  0%| F|  |TAMS 0x0000000747c00000, 0x0000000747c00000| Untracked 
|  44|0x0000000747e00000, 0x0000000747e00000, 0x0000000748000000|  0%| F|  |TAMS 0x0000000747e00000, 0x0000000747e00000| Untracked 
|  45|0x0000000748000000, 0x0000000748000000, 0x0000000748200000|  0%| F|  |TAMS 0x0000000748000000, 0x0000000748000000| Untracked 
|  46|0x0000000748200000, 0x0000000748200000, 0x0000000748400000|  0%| F|  |TAMS 0x0000000748200000, 0x0000000748200000| Untracked 
|  47|0x0000000748400000, 0x0000000748400000, 0x0000000748600000|  0%| F|  |TAMS 0x0000000748400000, 0x0000000748400000| Untracked 
|  48|0x0000000748600000, 0x0000000748600000, 0x0000000748800000|  0%| F|  |TAMS 0x0000000748600000, 0x0000000748600000| Untracked 
|  49|0x0000000748800000, 0x0000000748800000, 0x0000000748a00000|  0%| F|  |TAMS 0x0000000748800000, 0x0000000748800000| Untracked 
|  50|0x0000000748a00000, 0x0000000748a00000, 0x0000000748c00000|  0%| F|  |TAMS 0x0000000748a00000, 0x0000000748a00000| Untracked 
|  51|0x0000000748c00000, 0x0000000748c00000, 0x0000000748e00000|  0%| F|  |TAMS 0x0000000748c00000, 0x0000000748c00000| Untracked 
|  52|0x0000000748e00000, 0x0000000748e00000, 0x0000000749000000|  0%| F|  |TAMS 0x0000000748e00000, 0x0000000748e00000| Untracked 
|  53|0x0000000749000000, 0x0000000749000000, 0x0000000749200000|  0%| F|  |TAMS 0x0000000749000000, 0x0000000749000000| Untracked 
|  54|0x0000000749200000, 0x0000000749200000, 0x0000000749400000|  0%| F|  |TAMS 0x0000000749200000, 0x0000000749200000| Untracked 
|  55|0x0000000749400000, 0x00000007494ca598, 0x0000000749600000| 39%| S|CS|TAMS 0x0000000749400000, 0x0000000749400000| Complete 
|  56|0x0000000749600000, 0x0000000749800000, 0x0000000749800000|100%| S|CS|TAMS 0x0000000749600000, 0x0000000749600000| Complete 
|  57|0x0000000749800000, 0x0000000749800000, 0x0000000749a00000|  0%| F|  |TAMS 0x0000000749800000, 0x0000000749800000| Untracked 
|  58|0x0000000749a00000, 0x0000000749a00000, 0x0000000749c00000|  0%| F|  |TAMS 0x0000000749a00000, 0x0000000749a00000| Untracked 
|  59|0x0000000749c00000, 0x0000000749c00000, 0x0000000749e00000|  0%| F|  |TAMS 0x0000000749c00000, 0x0000000749c00000| Untracked 
|  60|0x0000000749e00000, 0x0000000749e00000, 0x000000074a000000|  0%| F|  |TAMS 0x0000000749e00000, 0x0000000749e00000| Untracked 
|  61|0x000000074a000000, 0x000000074a000000, 0x000000074a200000|  0%| F|  |TAMS 0x000000074a000000, 0x000000074a000000| Untracked 
|  62|0x000000074a200000, 0x000000074a200000, 0x000000074a400000|  0%| F|  |TAMS 0x000000074a200000, 0x000000074a200000| Untracked 
|  63|0x000000074a400000, 0x000000074a400000, 0x000000074a600000|  0%| F|  |TAMS 0x000000074a400000, 0x000000074a400000| Untracked 
|  64|0x000000074a600000, 0x000000074a600000, 0x000000074a800000|  0%| F|  |TAMS 0x000000074a600000, 0x000000074a600000| Untracked 
|  65|0x000000074a800000, 0x000000074a800000, 0x000000074aa00000|  0%| F|  |TAMS 0x000000074a800000, 0x000000074a800000| Untracked 
|  66|0x000000074aa00000, 0x000000074aa00000, 0x000000074ac00000|  0%| F|  |TAMS 0x000000074aa00000, 0x000000074aa00000| Untracked 
|  67|0x000000074ac00000, 0x000000074ac00000, 0x000000074ae00000|  0%| F|  |TAMS 0x000000074ac00000, 0x000000074ac00000| Untracked 
|  68|0x000000074ae00000, 0x000000074ae00000, 0x000000074b000000|  0%| F|  |TAMS 0x000000074ae00000, 0x000000074ae00000| Untracked 
|  69|0x000000074b000000, 0x000000074b000000, 0x000000074b200000|  0%| F|  |TAMS 0x000000074b000000, 0x000000074b000000| Untracked 
|  78|0x000000074c200000, 0x000000074c400000, 0x000000074c400000|100%| O|  |TAMS 0x000000074c400000, 0x000000074c400000| Untracked 
|  79|0x000000074c400000, 0x000000074c600000, 0x000000074c600000|100%| O|  |TAMS 0x000000074c600000, 0x000000074c600000| Untracked 
|  80|0x000000074c600000, 0x000000074c600800, 0x000000074c800000|  0%| E|  |TAMS 0x000000074c600000, 0x000000074c600000| Complete 
|  94|0x000000074e200000, 0x000000074e400000, 0x000000074e400000|100%| E|CS|TAMS 0x000000074e200000, 0x000000074e200000| Complete 
|1515|0x00000007ffc00000, 0x00000007ffc83e00, 0x00000007ffe00000| 25%| O|  |TAMS 0x00000007ffc83e00, 0x00000007ffc83e00| Untracked 
|1516|0x00000007ffe00000, 0x0000000800000000, 0x0000000800000000|100%| O|  |TAMS 0x0000000800000000, 0x0000000800000000| Untracked 

Card table byte_map: [0x000001d450280000,0x000001d450870000] _byte_map_base: 0x000001d44c86d000

Marking Bits (Prev, Next): (CMBitMap*) 0x000001d43b2ba980, (CMBitMap*) 0x000001d43b2ba9c0
 Prev Bits: [0x000001d450e60000, 0x000001d453dc8000)
 Next Bits: [0x000001d453dd0000, 0x000001d456d38000)

Polling page: 0x000001d43b320000

Metaspace:

Usage:
  Non-class:     24.79 MB used.
      Class:      3.61 MB used.
       Both:     28.39 MB used.

Virtual space:
  Non-class space:       64.00 MB reserved,      24.88 MB ( 39%) committed,  1 nodes.
      Class space:        1.00 GB reserved,       3.69 MB ( <1%) committed,  1 nodes.
             Both:        1.06 GB reserved,      28.56 MB (  3%) committed. 

Chunk freelists:
   Non-Class:  6.75 MB
       Class:  12.33 MB
        Both:  19.08 MB

MaxMetaspaceSize: unlimited
CompressedClassSpaceSize: 1.00 GB
Initial GC threshold: 21.00 MB
Current GC threshold: 38.06 MB
CDS: off
MetaspaceReclaimPolicy: balanced
 - commit_granule_bytes: 65536.
 - commit_granule_words: 8192.
 - virtual_space_node_default_size: 8388608.
 - enlarge_chunks_in_place: 1.
 - new_chunks_are_fully_committed: 0.
 - uncommit_free_chunks: 1.
 - use_allocation_guard: 0.
 - handle_deallocations: 1.


Internal statistics:

num_allocs_failed_limit: 3.
num_arena_births: 234.
num_arena_deaths: 0.
num_vsnodes_births: 2.
num_vsnodes_deaths: 0.
num_space_committed: 457.
num_space_uncommitted: 0.
num_chunks_returned_to_freelist: 3.
num_chunks_taken_from_freelist: 917.
num_chunk_merges: 0.
num_chunk_splits: 619.
num_chunks_enlarged: 477.
num_inconsistent_stats: 0.

CodeHeap 'non-profiled nmethods': size=120000Kb used=1242Kb max_used=1242Kb free=118757Kb
 bounds [0x000001d447d00000, 0x000001d447f70000, 0x000001d44f230000]
CodeHeap 'profiled nmethods': size=120000Kb used=5904Kb max_used=5904Kb free=114096Kb
 bounds [0x000001d440230000, 0x000001d440800000, 0x000001d447760000]
CodeHeap 'non-nmethods': size=5760Kb used=1460Kb max_used=1486Kb free=4299Kb
 bounds [0x000001d447760000, 0x000001d4479d0000, 0x000001d447d00000]
 total_blobs=3730 nmethods=2895 adapters=746
 compilation: enabled
              stopped_count=0, restarted_count=0
 full_count=0

Compilation events (20 events):
Event: 1.999 Thread 0x000001d4599dd010 2889       1       com.sun.javafx.sg.prism.NGNode::getNodeBlendMode (5 bytes)
Event: 1.999 Thread 0x000001d4599dd010 nmethod 2889 0x000001d447e33790 code [0x000001d447e33920, 0x000001d447e339f8]
Event: 1.999 Thread 0x000001d4599dd010 2890       1       com.sun.javafx.sg.prism.NGNode::getEffectFilter (5 bytes)
Event: 1.999 Thread 0x000001d4599dd010 nmethod 2890 0x000001d447e33a90 code [0x000001d447e33c20, 0x000001d447e33cf8]
Event: 1.999 Thread 0x000001d4599dd010 2891       3       jdk.internal.misc.VM::initLevel (4 bytes)
Event: 1.999 Thread 0x000001d4599dd010 nmethod 2891 0x000001d4407f0390 code [0x000001d4407f0520, 0x000001d4407f0618]
Event: 1.999 Thread 0x000001d4599dd010 2892       3       jdk.internal.misc.VM::isModuleSystemInited (13 bytes)
Event: 1.999 Thread 0x000001d4599dd010 nmethod 2892 0x000001d4407f0690 code [0x000001d4407f0820, 0x000001d4407f09d8]
Event: 2.000 Thread 0x000001d4599dd010 2893       3       java.io.BufferedWriter::ensureOpen (18 bytes)
Event: 2.000 Thread 0x000001d4599dd010 nmethod 2893 0x000001d4407f0a90 code [0x000001d4407f0c40, 0x000001d4407f0e48]
Event: 2.000 Thread 0x000001d4599dd010 2894       3       java.lang.System::lineSeparator (4 bytes)
Event: 2.000 Thread 0x000001d4599dd010 nmethod 2894 0x000001d4407f0f10 code [0x000001d4407f10a0, 0x000001d4407f1198]
Event: 2.000 Thread 0x000001d4599dd010 2895       3       javafx.scene.Parent::layout (160 bytes)
Event: 2.001 Thread 0x000001d4599dd010 nmethod 2895 0x000001d4407f1210 code [0x000001d4407f1480, 0x000001d4407f2438]
Event: 2.001 Thread 0x000001d4599dd010 2896       3       javafx.scene.control.SkinBase::snappedTopInset (8 bytes)
Event: 2.001 Thread 0x000001d4599dd010 nmethod 2896 0x000001d4407f2790 code [0x000001d4407f29e0, 0x000001d4407f3338]
Event: 2.001 Thread 0x000001d4599dd010 2897       3       javafx.scene.layout.Region::setWidth (24 bytes)
Event: 2.001 Thread 0x000001d4599dd010 nmethod 2897 0x000001d4407f3610 code [0x000001d4407f37c0, 0x000001d4407f3a38]
Event: 2.001 Thread 0x000001d4599dd010 2898       3       javafx.scene.layout.Region::setHeight (24 bytes)
Event: 2.001 Thread 0x000001d4599dd010 nmethod 2898 0x000001d4407f3b10 code [0x000001d4407f3cc0, 0x000001d4407f3f38]

GC Heap History (18 events):
Event: 0.564 GC heap before
{Heap before GC invocations=0 (full 0):
 garbage-first heap   total 194560K, used 20480K [0x0000000742600000, 0x0000000800000000)
  region size 2048K, 11 young (22528K), 0 survivors (0K)
 Metaspace       used 12833K, committed 12992K, reserved 1114112K
  class space    used 1317K, committed 1408K, reserved 1048576K
}
Event: 0.567 GC heap after
{Heap after GC invocations=1 (full 0):
 garbage-first heap   total 194560K, used 3103K [0x0000000742600000, 0x0000000800000000)
  region size 2048K, 2 young (4096K), 2 survivors (4096K)
 Metaspace       used 12833K, committed 12992K, reserved 1114112K
  class space    used 1317K, committed 1408K, reserved 1048576K
}
Event: 0.964 GC heap before
{Heap before GC invocations=1 (full 0):
 garbage-first heap   total 194560K, used 31775K [0x0000000742600000, 0x0000000800000000)
  region size 2048K, 14 young (28672K), 2 survivors (4096K)
 Metaspace       used 21352K, committed 21504K, reserved 1114112K
  class space    used 2343K, committed 2432K, reserved 1048576K
}
Event: 0.969 GC heap after
{Heap after GC invocations=2 (full 0):
 garbage-first heap   total 194560K, used 12944K [0x0000000742600000, 0x0000000800000000)
  region size 2048K, 3 young (6144K), 3 survivors (6144K)
 Metaspace       used 21352K, committed 21504K, reserved 1114112K
  class space    used 2343K, committed 2432K, reserved 1048576K
}
Event: 1.268 GC heap before
{Heap before GC invocations=3 (full 0):
 garbage-first heap   total 55296K, used 43664K [0x0000000742600000, 0x0000000800000000)
  region size 2048K, 7 young (14336K), 3 survivors (6144K)
 Metaspace       used 22973K, committed 23232K, reserved 1114112K
  class space    used 2605K, committed 2752K, reserved 1048576K
}
Event: 1.273 GC heap after
{Heap after GC invocations=4 (full 0):
 garbage-first heap   total 57344K, used 39822K [0x0000000742600000, 0x0000000800000000)
  region size 2048K, 5 young (10240K), 5 survivors (10240K)
 Metaspace       used 22973K, committed 23232K, reserved 1114112K
  class space    used 2605K, committed 2752K, reserved 1048576K
}
Event: 1.293 GC heap before
{Heap before GC invocations=4 (full 0):
 garbage-first heap   total 57344K, used 43918K [0x0000000742600000, 0x0000000800000000)
  region size 2048K, 6 young (12288K), 5 survivors (10240K)
 Metaspace       used 23009K, committed 23232K, reserved 1114112K
  class space    used 2606K, committed 2752K, reserved 1048576K
}
Event: 1.297 GC heap after
{Heap after GC invocations=5 (full 0):
 garbage-first heap   total 61440K, used 44635K [0x0000000742600000, 0x0000000800000000)
  region size 2048K, 1 young (2048K), 1 survivors (2048K)
 Metaspace       used 23009K, committed 23232K, reserved 1114112K
  class space    used 2606K, committed 2752K, reserved 1048576K
}
Event: 1.304 GC heap before
{Heap before GC invocations=5 (full 0):
 garbage-first heap   total 61440K, used 46683K [0x0000000742600000, 0x0000000800000000)
  region size 2048K, 2 young (4096K), 1 survivors (2048K)
 Metaspace       used 23038K, committed 23360K, reserved 1114112K
  class space    used 2606K, committed 2752K, reserved 1048576K
}
Event: 1.304 GC heap after
{Heap after GC invocations=6 (full 0):
 garbage-first heap   total 61440K, used 45874K [0x0000000742600000, 0x0000000800000000)
  region size 2048K, 1 young (2048K), 1 survivors (2048K)
 Metaspace       used 23038K, committed 23360K, reserved 1114112K
  class space    used 2606K, committed 2752K, reserved 1048576K
}
Event: 1.318 GC heap before
{Heap before GC invocations=7 (full 0):
 garbage-first heap   total 90112K, used 47922K [0x0000000742600000, 0x0000000800000000)
  region size 2048K, 2 young (4096K), 1 survivors (2048K)
 Metaspace       used 23087K, committed 23360K, reserved 1114112K
  class space    used 2612K, committed 2752K, reserved 1048576K
}
Event: 1.318 GC heap after
{Heap after GC invocations=8 (full 0):
 garbage-first heap   total 90112K, used 47851K [0x0000000742600000, 0x0000000800000000)
  region size 2048K, 1 young (2048K), 1 survivors (2048K)
 Metaspace       used 23087K, committed 23360K, reserved 1114112K
  class space    used 2612K, committed 2752K, reserved 1048576K
}
Event: 1.340 GC heap before
{Heap before GC invocations=9 (full 0):
 garbage-first heap   total 92160K, used 51947K [0x0000000742600000, 0x0000000800000000)
  region size 2048K, 2 young (4096K), 1 survivors (2048K)
 Metaspace       used 23106K, committed 23360K, reserved 1114112K
  class space    used 2612K, committed 2752K, reserved 1048576K
}
Event: 1.340 GC heap after
{Heap after GC invocations=10 (full 0):
 garbage-first heap   total 92160K, used 51978K [0x0000000742600000, 0x0000000800000000)
  region size 2048K, 1 young (2048K), 1 survivors (2048K)
 Metaspace       used 23106K, committed 23360K, reserved 1114112K
  class space    used 2612K, committed 2752K, reserved 1048576K
}
Event: 1.361 GC heap before
{Heap before GC invocations=11 (full 0):
 garbage-first heap   total 100352K, used 56074K [0x0000000742600000, 0x0000000800000000)
  region size 2048K, 2 young (4096K), 1 survivors (2048K)
 Metaspace       used 23134K, committed 23360K, reserved 1114112K
  class space    used 2612K, committed 2752K, reserved 1048576K
}
Event: 1.362 GC heap after
{Heap after GC invocations=12 (full 0):
 garbage-first heap   total 155648K, used 56121K [0x0000000742600000, 0x0000000800000000)
  region size 2048K, 1 young (2048K), 1 survivors (2048K)
 Metaspace       used 23134K, committed 23360K, reserved 1114112K
  class space    used 2612K, committed 2752K, reserved 1048576K
}
Event: 1.912 GC heap before
{Heap before GC invocations=12 (full 0):
 garbage-first heap   total 155648K, used 95033K [0x0000000742600000, 0x0000000800000000)
  region size 2048K, 15 young (30720K), 1 survivors (2048K)
 Metaspace       used 28770K, committed 28992K, reserved 1114112K
  class space    used 3656K, committed 3776K, reserved 1048576K
}
Event: 1.915 GC heap after
{Heap after GC invocations=13 (full 0):
 garbage-first heap   total 155648K, used 70968K [0x0000000742600000, 0x0000000800000000)
  region size 2048K, 2 young (4096K), 2 survivors (4096K)
 Metaspace       used 28770K, committed 28992K, reserved 1114112K
  class space    used 3656K, committed 3776K, reserved 1048576K
}

Dll operation events (2 events):
Event: 0.006 Loaded shared library C:\Users\AGENT17\.jdks\jbrsdk-17.0.9\bin\java.dll
Event: 0.033 Loaded shared library C:\Users\AGENT17\.jdks\jbrsdk-17.0.9\bin\jsvml.dll

Deoptimization events (20 events):
Event: 1.572 Thread 0x000001d45e6e44f0 DEOPT PACKING pc=0x000001d447deade8 sp=0x000000065b8fd6d0
Event: 1.572 Thread 0x000001d45e6e44f0 DEOPT UNPACKING pc=0x000001d4477b69a3 sp=0x000000065b8fd670 mode 2
Event: 1.615 Thread 0x000001d45e6e44f0 DEOPT PACKING pc=0x000001d440579cd6 sp=0x000000065b8fc5c0
Event: 1.615 Thread 0x000001d45e6e44f0 DEOPT UNPACKING pc=0x000001d4477b7143 sp=0x000000065b8fba60 mode 0
Event: 1.885 Thread 0x000001d45e3e0110 Uncommon trap: trap_request=0xffffffde fr.pc=0x000001d447db3564 relative=0x0000000000001244
Event: 1.885 Thread 0x000001d45e3e0110 Uncommon trap: reason=class_check action=maybe_recompile pc=0x000001d447db3564 method=java.io.BufferedInputStream.read1([BII)I @ 39 c2
Event: 1.885 Thread 0x000001d45e3e0110 DEOPT PACKING pc=0x000001d447db3564 sp=0x000000065b5fd6a0
Event: 1.885 Thread 0x000001d45e3e0110 DEOPT UNPACKING pc=0x000001d4477b69a3 sp=0x000000065b5fd608 mode 2
Event: 1.885 Thread 0x000001d45e3e0110 Uncommon trap: trap_request=0xffffff45 fr.pc=0x000001d447db3110 relative=0x0000000000000df0
Event: 1.885 Thread 0x000001d45e3e0110 Uncommon trap: reason=unstable_if action=reinterpret pc=0x000001d447db3110 method=java.io.BufferedInputStream.fill()V @ 189 c2
Event: 1.885 Thread 0x000001d45e3e0110 DEOPT PACKING pc=0x000001d447db3110 sp=0x000000065b5fd6a0
Event: 1.885 Thread 0x000001d45e3e0110 DEOPT UNPACKING pc=0x000001d4477b69a3 sp=0x000000065b5fd5a8 mode 2
Event: 1.916 Thread 0x000001d45e3e0110 Uncommon trap: trap_request=0xffffffde fr.pc=0x000001d447da808c relative=0x00000000000007cc
Event: 1.916 Thread 0x000001d45e3e0110 Uncommon trap: reason=class_check action=maybe_recompile pc=0x000001d447da808c method=java.io.BufferedInputStream.read1([BII)I @ 39 c2
Event: 1.916 Thread 0x000001d45e3e0110 DEOPT PACKING pc=0x000001d447da808c sp=0x000000065b5fd2d0
Event: 1.916 Thread 0x000001d45e3e0110 DEOPT UNPACKING pc=0x000001d4477b69a3 sp=0x000000065b5fd2a8 mode 2
Event: 1.916 Thread 0x000001d45e3e0110 Uncommon trap: trap_request=0xffffff45 fr.pc=0x000001d447da7d20 relative=0x0000000000000460
Event: 1.916 Thread 0x000001d45e3e0110 Uncommon trap: reason=unstable_if action=reinterpret pc=0x000001d447da7d20 method=java.io.BufferedInputStream.read1([BII)I @ 60 c2
Event: 1.916 Thread 0x000001d45e3e0110 DEOPT PACKING pc=0x000001d447da7d20 sp=0x000000065b5fd2d0
Event: 1.916 Thread 0x000001d45e3e0110 DEOPT UNPACKING pc=0x000001d4477b69a3 sp=0x000000065b5fd2c0 mode 2

Classes unloaded (0 events):
No events

Classes redefined (0 events):
No events

Internal exceptions (20 events):
Event: 0.787 Thread 0x000001d45e6e44f0 Exception <a 'java/lang/NullPointerException'{0x000000074d61e7b0}> (0x000000074d61e7b0) 
thrown [s\src\hotspot\share\interpreter\linkResolver.cpp, line 1362]
Event: 0.813 Thread 0x000001d45e6e44f0 Exception <a 'java/lang/ClassNotFoundException'{0x000000074d6f5298}: sun/util/logging/resources/spi/loggingProvider> (0x000000074d6f5298) 
thrown [s\src\hotspot\share\classfile\systemDictionary.cpp, line 256]
Event: 0.889 Thread 0x000001d45e6e44f0 Exception <a 'java/lang/ClassNotFoundException'{0x000000074d262388}: com/sun/glass/ui/win/themes> (0x000000074d262388) 
thrown [s\src\hotspot\share\prims\jni.cpp, line 536]
Event: 0.889 Thread 0x000001d45e6e44f0 Exception <a 'java/lang/ClassNotFoundException'{0x000000074d26a308}: com/sun/glass/ui/win/themes_en> (0x000000074d26a308) 
thrown [s\src\hotspot\share\prims\jni.cpp, line 536]
Event: 0.890 Thread 0x000001d45e6e44f0 Exception <a 'java/lang/ClassNotFoundException'{0x000000074d26e340}: com/sun/glass/ui/win/themes_en_US> (0x000000074d26e340) 
thrown [s\src\hotspot\share\prims\jni.cpp, line 536]
Event: 0.948 Thread 0x000001d45e6e44f0 Exception <a 'java/lang/NoSuchMethodError'{0x000000074cf774a0}: 'void java.lang.invoke.DirectMethodHandle$Holder.invokeStaticInit(java.lang.Object, java.lang.Object)'> (0x000000074cf774a0) 
thrown [s\src\hotspot\share\interpreter\linkResolver.cpp, line 771]
Event: 0.951 Thread 0x000001d45e6e44f0 Exception <a 'java/lang/NoSuchMethodError'{0x000000074cfac6f8}: 'void java.lang.invoke.DirectMethodHandle$Holder.invokeSpecial(java.lang.Object, java.lang.Object, java.lang.Object, java.lang.Object, java.lang.Object)'> (0x000000074cfac6f8) 
thrown [s\src\hotspot\share\interpreter\linkResolver.cpp, line 771]
Event: 1.419 Thread 0x000001d45e6e44f0 Implicit null exception at 0x000001d447de6e60 to 0x000001d447de6efa
Event: 1.422 Thread 0x000001d45e6e44f0 Implicit null exception at 0x000001d447d9ce34 to 0x000001d447d9d378
Event: 1.428 Thread 0x000001d45e6e44f0 Implicit null exception at 0x000001d447d9102f to 0x000001d447d91558
Event: 1.428 Thread 0x000001d45e6e44f0 Implicit null exception at 0x000001d447d1fe0f to 0x000001d447d1fe89
Event: 1.574 Thread 0x000001d45e6e44f0 Exception <a 'java/lang/NoSuchMethodError'{0x000000074aa809c0}: 'java.lang.Object java.lang.invoke.DirectMethodHandle$Holder.invokeInterface(java.lang.Object, java.lang.Object, java.lang.Object)'> (0x000000074aa809c0) 
thrown [s\src\hotspot\share\interpreter\linkResolver.cpp, line 771]
Event: 1.574 Thread 0x000001d45e6e44f0 Exception <a 'java/lang/IncompatibleClassChangeError'{0x000000074aa84088}: Found class java.lang.Object, but interface was expected> (0x000000074aa84088) 
thrown [s\src\hotspot\share\interpreter\linkResolver.cpp, line 838]
Event: 1.596 Thread 0x000001d45e6e44f0 Exception <a 'java/lang/ClassCastException'{0x000000074abb0f18}: class java.lang.Double cannot be cast to class javafx.scene.paint.Paint (java.lang.Double is in module java.base of loader 'bootstrap'; javafx.scene.paint.Paint is in module javafx.graphics of loader 'app')> (0x000000074abb0f18) 
thrown [s\src\hotspot\share\interpreter\interpreterRuntime.cpp, line 444]
Event: 1.615 Thread 0x000001d45e6e44f0 Exception <a 'java/lang/ClassNotFoundException'{0x000000074a9514e8}: com/sun/javafx/scene/control/skin/resources/controls> (0x000000074a9514e8) 
thrown [s\src\hotspot\share\prims\jni.cpp, line 536]
Event: 1.615 Thread 0x000001d45e6e44f0 Exception <a 'java/lang/ClassNotFoundException'{0x000000074a95f488}: com/sun/javafx/scene/control/skin/resources/controls_en> (0x000000074a95f488) 
thrown [s\src\hotspot\share\prims\jni.cpp, line 536]
Event: 1.615 Thread 0x000001d45e6e44f0 Exception <a 'java/lang/ClassNotFoundException'{0x000000074a960a68}: com/sun/javafx/scene/control/skin/resources/controls_en_US> (0x000000074a960a68) 
thrown [s\src\hotspot\share\prims\jni.cpp, line 536]
Event: 1.637 Thread 0x000001d45e6e44f0 Exception <a 'java/lang/NoSuchMethodError'{0x000000074a6d6368}: 'void java.lang.invoke.DirectMethodHandle$Holder.invokeSpecial(java.lang.Object, java.lang.Object, java.lang.Object, java.lang.Object, java.lang.Object, java.lang.Object)'> (0x000000074a6d6368) 
thrown [s\src\hotspot\share\interpreter\linkResolver.cpp, line 771]
Event: 1.815 Thread 0x000001d45e6e44f0 Exception <a 'java/lang/NoSuchMethodError'{0x0000000749f40b88}: 'java.lang.Object java.lang.invoke.DirectMethodHandle$Holder.newInvokeSpecial(java.lang.Object, java.lang.Object, int)'> (0x0000000749f40b88) 
thrown [s\src\hotspot\share\interpreter\linkResolver.cpp, line 771]
Event: 1.871 Thread 0x000001d45e3e0110 Exception <a 'java/lang/NoSuchMethodError'{0x0000000749dc3bc0}: 'int java.lang.invoke.DirectMethodHandle$Holder.invokeStaticInit(java.lang.Object, java.lang.Object)'> (0x0000000749dc3bc0) 
thrown [s\src\hotspot\share\interpreter\linkResolver.cpp, line 771]

VM Operations (20 events):
Event: 1.318 Executing VM operation: G1TryInitiateConcMark
Event: 1.318 Executing VM operation: G1TryInitiateConcMark done
Event: 1.327 Executing VM operation: G1PauseRemark
Event: 1.327 Executing VM operation: G1PauseRemark done
Event: 1.331 Executing VM operation: G1PauseCleanup
Event: 1.331 Executing VM operation: G1PauseCleanup done
Event: 1.340 Executing VM operation: G1TryInitiateConcMark
Event: 1.341 Executing VM operation: G1TryInitiateConcMark done
Event: 1.347 Executing VM operation: G1PauseRemark
Event: 1.348 Executing VM operation: G1PauseRemark done
Event: 1.351 Executing VM operation: G1PauseCleanup
Event: 1.351 Executing VM operation: G1PauseCleanup done
Event: 1.361 Executing VM operation: G1TryInitiateConcMark
Event: 1.362 Executing VM operation: G1TryInitiateConcMark done
Event: 1.412 Executing VM operation: HandshakeAllThreads
Event: 1.413 Executing VM operation: HandshakeAllThreads done
Event: 1.677 Executing VM operation: ICBufferFull
Event: 1.677 Executing VM operation: ICBufferFull done
Event: 1.912 Executing VM operation: G1TryInitiateConcMark
Event: 1.915 Executing VM operation: G1TryInitiateConcMark done

Events (20 events):
Event: 1.892 loading class java/util/concurrent/ConcurrentLinkedQueue$Node done
Event: 1.894 loading class jdk/internal/ref/CleanerImpl$InnocuousThreadFactory
Event: 1.894 loading class jdk/internal/ref/CleanerImpl$InnocuousThreadFactory done
Event: 1.894 Thread 0x000001d462cef660 Thread added: 0x000001d462cef660
Event: 1.899 loading class sun/misc/Unsafe
Event: 1.900 loading class sun/misc/Unsafe done
Event: 1.900 loading class jdk/internal/reflect/UnsafeQualifiedStaticObjectFieldAccessorImpl
Event: 1.900 loading class jdk/internal/reflect/UnsafeQualifiedStaticFieldAccessorImpl
Event: 1.900 loading class jdk/internal/reflect/UnsafeQualifiedStaticFieldAccessorImpl done
Event: 1.900 loading class jdk/internal/reflect/UnsafeQualifiedStaticObjectFieldAccessorImpl done
Event: 1.939 loading class java/nio/ShortBuffer
Event: 1.939 loading class java/nio/ShortBuffer done
Event: 1.939 loading class java/nio/DoubleBuffer
Event: 1.939 loading class java/nio/DoubleBuffer done
Event: 1.939 loading class java/nio/DirectFloatBufferU
Event: 1.940 loading class java/nio/DirectFloatBufferU done
Event: 1.990 loading class java/lang/Throwable$WrappedPrintStream
Event: 1.990 loading class java/lang/Throwable$PrintStreamOrWriter
Event: 1.990 loading class java/lang/Throwable$PrintStreamOrWriter done
Event: 1.990 loading class java/lang/Throwable$WrappedPrintStream done


Dynamic libraries:
0x00007ff7c9f60000 - 0x00007ff7c9f6a000 	C:\Users\AGENT17\.jdks\jbrsdk-17.0.9\bin\java.exe
0x00007ffe40a30000 - 0x00007ffe40c28000 	C:\Windows\SYSTEM32\ntdll.dll
0x00007ffe3f880000 - 0x00007ffe3f93d000 	C:\Windows\System32\KERNEL32.DLL
0x00007ffe3e540000 - 0x00007ffe3e836000 	C:\Windows\System32\KERNELBASE.dll
0x00007ffe3e340000 - 0x00007ffe3e440000 	C:\Windows\System32\ucrtbase.dll
0x00007ffe2e410000 - 0x00007ffe2e427000 	C:\Users\AGENT17\.jdks\jbrsdk-17.0.9\bin\jli.dll
0x00007ffe31a40000 - 0x00007ffe31a5b000 	C:\Users\AGENT17\.jdks\jbrsdk-17.0.9\bin\VCRUNTIME140.dll
0x00007ffe3efc0000 - 0x00007ffe3f15f000 	C:\Windows\System32\USER32.dll
0x00007ffe2abc0000 - 0x00007ffe2ae5a000 	C:\Windows\WinSxS\amd64_microsoft.windows.common-controls_6595b64144ccf1df_6.0.19041.3636_none_60b6a03d71f818d5\COMCTL32.dll
0x00007ffe3ea30000 - 0x00007ffe3ea52000 	C:\Windows\System32\win32u.dll
0x00007ffe3eac0000 - 0x00007ffe3eaeb000 	C:\Windows\System32\GDI32.dll
0x00007ffe3fe80000 - 0x00007ffe3ff1e000 	C:\Windows\System32\msvcrt.dll
0x00007ffe3e840000 - 0x00007ffe3e957000 	C:\Windows\System32\gdi32full.dll
0x00007ffe3e960000 - 0x00007ffe3e9fd000 	C:\Windows\System32\msvcp_win.dll
0x00007ffe400d0000 - 0x00007ffe40102000 	C:\Windows\System32\IMM32.DLL
0x00007ffe3a1c0000 - 0x00007ffe3a1cc000 	C:\Users\AGENT17\.jdks\jbrsdk-17.0.9\bin\vcruntime140_1.dll
0x00007ffe1f160000 - 0x00007ffe1f1ed000 	C:\Users\AGENT17\.jdks\jbrsdk-17.0.9\bin\msvcp140.dll
0x00007ffdf3830000 - 0x00007ffdf44b3000 	C:\Users\AGENT17\.jdks\jbrsdk-17.0.9\bin\server\jvm.dll
0x00007ffe3fa70000 - 0x00007ffe3fb20000 	C:\Windows\System32\ADVAPI32.dll
0x00007ffe40030000 - 0x00007ffe400d0000 	C:\Windows\System32\sechost.dll
0x00007ffe3f160000 - 0x00007ffe3f283000 	C:\Windows\System32\RPCRT4.dll
0x00007ffe3ea00000 - 0x00007ffe3ea27000 	C:\Windows\System32\bcrypt.dll
0x00007ffe30d40000 - 0x00007ffe30d67000 	C:\Windows\SYSTEM32\WINMM.dll
0x00007ffe300e0000 - 0x00007ffe300e9000 	C:\Windows\SYSTEM32\WSOCK32.dll
0x00007ffe3df40000 - 0x00007ffe3df8b000 	C:\Windows\SYSTEM32\POWRPROF.dll
0x00007ffe3f810000 - 0x00007ffe3f87b000 	C:\Windows\System32\WS2_32.dll
0x00007ffe37d10000 - 0x00007ffe37d1a000 	C:\Windows\SYSTEM32\VERSION.dll
0x00007ffe3df20000 - 0x00007ffe3df32000 	C:\Windows\SYSTEM32\UMPDC.dll
0x00007ffe3c950000 - 0x00007ffe3c962000 	C:\Windows\SYSTEM32\kernel.appcore.dll
0x00007ffe34ba0000 - 0x00007ffe34baa000 	C:\Users\AGENT17\.jdks\jbrsdk-17.0.9\bin\jimage.dll
0x00007ffe3b8d0000 - 0x00007ffe3bab4000 	C:\Windows\SYSTEM32\DBGHELP.DLL
0x00007ffe36b40000 - 0x00007ffe36b74000 	C:\Windows\SYSTEM32\dbgcore.DLL
0x00007ffe3e2b0000 - 0x00007ffe3e332000 	C:\Windows\System32\bcryptPrimitives.dll
0x00007ffe28040000 - 0x00007ffe28065000 	C:\Users\AGENT17\.jdks\jbrsdk-17.0.9\bin\java.dll
0x00007ffe2e2b0000 - 0x00007ffe2e2c8000 	C:\Users\AGENT17\.jdks\jbrsdk-17.0.9\bin\zip.dll
0x00007ffe0d1b0000 - 0x00007ffe0d287000 	C:\Users\AGENT17\.jdks\jbrsdk-17.0.9\bin\jsvml.dll
0x00007ffe40150000 - 0x00007ffe408bb000 	C:\Windows\System32\SHELL32.dll
0x00007ffe3bac0000 - 0x00007ffe3c25e000 	C:\Windows\SYSTEM32\windows.storage.dll
0x00007ffe3fb20000 - 0x00007ffe3fe73000 	C:\Windows\System32\combase.dll
0x00007ffe3da40000 - 0x00007ffe3da6e000 	C:\Windows\SYSTEM32\Wldp.dll
0x00007ffe3ee90000 - 0x00007ffe3ef5d000 	C:\Windows\System32\OLEAUT32.dll
0x00007ffe3ff20000 - 0x00007ffe3ffcd000 	C:\Windows\System32\SHCORE.dll
0x00007ffe3ffd0000 - 0x00007ffe40025000 	C:\Windows\System32\shlwapi.dll
0x00007ffe3e010000 - 0x00007ffe3e033000 	C:\Windows\SYSTEM32\profapi.dll
0x00007ffe28100000 - 0x00007ffe28119000 	C:\Users\AGENT17\.jdks\jbrsdk-17.0.9\bin\net.dll
0x00007ffe3c270000 - 0x00007ffe3c37a000 	C:\Windows\SYSTEM32\WINHTTP.dll
0x00007ffe3d7a0000 - 0x00007ffe3d80a000 	C:\Windows\system32\mswsock.dll
0x00007ffe27df0000 - 0x00007ffe27e06000 	C:\Users\AGENT17\.jdks\jbrsdk-17.0.9\bin\nio.dll
0x000001d43b360000 - 0x000001d43b363000 	C:\Users\AGENT17\.openjfx\cache\17\api-ms-win-core-console-l1-1-0.dll
0x000001d459e60000 - 0x000001d459e63000 	C:\Users\AGENT17\.openjfx\cache\17\api-ms-win-core-console-l1-2-0.dll
0x000001d459e70000 - 0x000001d459e73000 	C:\Users\AGENT17\.openjfx\cache\17\api-ms-win-core-datetime-l1-1-0.dll
0x000001d459e80000 - 0x000001d459e83000 	C:\Users\AGENT17\.openjfx\cache\17\api-ms-win-core-debug-l1-1-0.dll
0x000001d459e90000 - 0x000001d459e93000 	C:\Users\AGENT17\.openjfx\cache\17\api-ms-win-core-errorhandling-l1-1-0.dll
0x000001d459ea0000 - 0x000001d459ea4000 	C:\Users\AGENT17\.openjfx\cache\17\api-ms-win-core-file-l1-1-0.dll
0x000001d459eb0000 - 0x000001d459eb3000 	C:\Users\AGENT17\.openjfx\cache\17\api-ms-win-core-file-l1-2-0.dll
0x000001d459ec0000 - 0x000001d459ec3000 	C:\Users\AGENT17\.openjfx\cache\17\api-ms-win-core-file-l2-1-0.dll
0x000001d459ed0000 - 0x000001d459ed3000 	C:\Users\AGENT17\.openjfx\cache\17\api-ms-win-core-handle-l1-1-0.dll
0x000001d459ee0000 - 0x000001d459ee3000 	C:\Users\AGENT17\.openjfx\cache\17\api-ms-win-core-heap-l1-1-0.dll
0x000001d459ef0000 - 0x000001d459ef3000 	C:\Users\AGENT17\.openjfx\cache\17\api-ms-win-core-interlocked-l1-1-0.dll
0x000001d459f00000 - 0x000001d459f03000 	C:\Users\AGENT17\.openjfx\cache\17\api-ms-win-core-libraryloader-l1-1-0.dll
0x000001d459f10000 - 0x000001d459f13000 	C:\Users\AGENT17\.openjfx\cache\17\api-ms-win-core-localization-l1-2-0.dll
0x000001d459f20000 - 0x000001d459f23000 	C:\Users\AGENT17\.openjfx\cache\17\api-ms-win-core-memory-l1-1-0.dll
0x000001d459f30000 - 0x000001d459f33000 	C:\Users\AGENT17\.openjfx\cache\17\api-ms-win-core-namedpipe-l1-1-0.dll
0x000001d459f40000 - 0x000001d459f43000 	C:\Users\AGENT17\.openjfx\cache\17\api-ms-win-core-processenvironment-l1-1-0.dll
0x000001d459f50000 - 0x000001d459f53000 	C:\Users\AGENT17\.openjfx\cache\17\api-ms-win-core-processthreads-l1-1-0.dll
0x000001d459f60000 - 0x000001d459f63000 	C:\Users\AGENT17\.openjfx\cache\17\api-ms-win-core-processthreads-l1-1-1.dll
0x000001d459f70000 - 0x000001d459f73000 	C:\Users\AGENT17\.openjfx\cache\17\api-ms-win-core-profile-l1-1-0.dll
0x000001d459f80000 - 0x000001d459f83000 	C:\Users\AGENT17\.openjfx\cache\17\api-ms-win-core-rtlsupport-l1-1-0.dll
0x000001d459f90000 - 0x000001d459f93000 	C:\Users\AGENT17\.openjfx\cache\17\api-ms-win-core-string-l1-1-0.dll
0x000001d459fa0000 - 0x000001d459fa3000 	C:\Users\AGENT17\.openjfx\cache\17\api-ms-win-core-synch-l1-1-0.dll
0x000001d459fb0000 - 0x000001d459fb3000 	C:\Users\AGENT17\.openjfx\cache\17\api-ms-win-core-synch-l1-2-0.dll
0x000001d459fc0000 - 0x000001d459fc3000 	C:\Users\AGENT17\.openjfx\cache\17\api-ms-win-core-sysinfo-l1-1-0.dll
0x000001d459fd0000 - 0x000001d459fd3000 	C:\Users\AGENT17\.openjfx\cache\17\api-ms-win-core-timezone-l1-1-0.dll
0x000001d459fe0000 - 0x000001d459fe3000 	C:\Users\AGENT17\.openjfx\cache\17\api-ms-win-core-util-l1-1-0.dll
0x000001d459ff0000 - 0x000001d459ff3000 	C:\Users\AGENT17\.openjfx\cache\17\api-ms-win-crt-conio-l1-1-0.dll
0x000001d45e800000 - 0x000001d45e804000 	C:\Users\AGENT17\.openjfx\cache\17\api-ms-win-crt-convert-l1-1-0.dll
0x000001d45e810000 - 0x000001d45e813000 	C:\Users\AGENT17\.openjfx\cache\17\api-ms-win-crt-environment-l1-1-0.dll
0x000001d45e820000 - 0x000001d45e823000 	C:\Users\AGENT17\.openjfx\cache\17\api-ms-win-crt-filesystem-l1-1-0.dll
0x000001d45e830000 - 0x000001d45e833000 	C:\Users\AGENT17\.openjfx\cache\17\api-ms-win-crt-heap-l1-1-0.dll
0x000001d45e840000 - 0x000001d45e843000 	C:\Users\AGENT17\.openjfx\cache\17\api-ms-win-crt-locale-l1-1-0.dll
0x000001d45e850000 - 0x000001d45e855000 	C:\Users\AGENT17\.openjfx\cache\17\api-ms-win-crt-math-l1-1-0.dll
0x000001d45e860000 - 0x000001d45e865000 	C:\Users\AGENT17\.openjfx\cache\17\api-ms-win-crt-multibyte-l1-1-0.dll
0x000001d45e870000 - 0x000001d45e880000 	C:\Users\AGENT17\.openjfx\cache\17\api-ms-win-crt-private-l1-1-0.dll
0x000001d45e880000 - 0x000001d45e883000 	C:\Users\AGENT17\.openjfx\cache\17\api-ms-win-crt-process-l1-1-0.dll
0x000001d45e890000 - 0x000001d45e894000 	C:\Users\AGENT17\.openjfx\cache\17\api-ms-win-crt-runtime-l1-1-0.dll
0x000001d45e8a0000 - 0x000001d45e8a4000 	C:\Users\AGENT17\.openjfx\cache\17\api-ms-win-crt-stdio-l1-1-0.dll
0x000001d45e8b0000 - 0x000001d45e8b4000 	C:\Users\AGENT17\.openjfx\cache\17\api-ms-win-crt-string-l1-1-0.dll
0x000001d45e8c0000 - 0x000001d45e8c3000 	C:\Users\AGENT17\.openjfx\cache\17\api-ms-win-crt-time-l1-1-0.dll
0x000001d45e8d0000 - 0x000001d45e8d3000 	C:\Users\AGENT17\.openjfx\cache\17\api-ms-win-crt-utility-l1-1-0.dll
0x00007ffe0a890000 - 0x00007ffe0a98c000 	C:\Users\AGENT17\.openjfx\cache\17\ucrtbase.dll
0x00007ffe1fd60000 - 0x00007ffe1fd7a000 	C:\Users\AGENT17\.openjfx\cache\17\vcruntime140.dll
0x00007ffe31a20000 - 0x00007ffe31a2c000 	C:\Users\AGENT17\.openjfx\cache\17\vcruntime140_1.dll
0x00007ffe0c700000 - 0x00007ffe0c78d000 	C:\Users\AGENT17\.openjfx\cache\17\msvcp140.dll
0x00007ffe1fad0000 - 0x00007ffe1fafa000 	C:\Users\AGENT17\.openjfx\cache\17\prism_d3d.dll
0x00007ffe0f510000 - 0x00007ffe0f6dd000 	C:\Windows\system32\d3d9.dll
0x00007ffe3b420000 - 0x00007ffe3b44f000 	C:\Windows\SYSTEM32\dwmapi.dll
0x00007ffe3b0e0000 - 0x00007ffe3b17e000 	C:\Windows\system32\uxtheme.dll
0x00007ffdfd650000 - 0x00007ffdfd7b5000 	C:\Windows\System32\DriverStore\FileRepository\iigd_dch.inf_amd64_b1928ccaeba51df7\igdumdim64.dll
0x00007ffe3f940000 - 0x00007ffe3fa6b000 	C:\Windows\System32\ole32.dll
0x00007ffdd7f00000 - 0x00007ffddc83d000 	C:\Windows\System32\DriverStore\FileRepository\iigd_dch.inf_amd64_b1928ccaeba51df7\igd9dxva64.dll
0x00007ffe3f3a0000 - 0x00007ffe3f80e000 	C:\Windows\System32\SETUPAPI.dll
0x00007ffe3e440000 - 0x00007ffe3e48e000 	C:\Windows\System32\cfgmgr32.dll
0x00007ffe23b40000 - 0x00007ffe23e08000 	C:\Windows\System32\DriverStore\FileRepository\iigd_dch.inf_amd64_b1928ccaeba51df7\igdgmm64.dll
0x00007ffe1e850000 - 0x00007ffe1e892000 	C:\Users\AGENT17\.openjfx\cache\17\glass.dll
0x00007ffe3edb0000 - 0x00007ffe3ee8a000 	C:\Windows\System32\COMDLG32.dll
0x00007ffe408c0000 - 0x00007ffe409d5000 	C:\Windows\System32\MSCTF.dll
0x00007ffe20060000 - 0x00007ffe20087000 	C:\Windows\System32\DriverStore\FileRepository\iigd_dch.inf_amd64_b1928ccaeba51df7\igdinfo64.dll
0x00007ffe3d990000 - 0x00007ffe3d9a8000 	C:\Windows\SYSTEM32\CRYPTSP.dll
0x00007ffe3d0c0000 - 0x00007ffe3d0f4000 	C:\Windows\system32\rsaenh.dll
0x00007ffe3d9b0000 - 0x00007ffe3d9bc000 	C:\Windows\SYSTEM32\CRYPTBASE.dll
0x00007ffe20de0000 - 0x00007ffe23982000 	C:\Windows\System32\DriverStore\FileRepository\iigd_dch.inf_amd64_b1928ccaeba51df7\igc64.dll
0x00007ffe254a0000 - 0x00007ffe254db000 	C:\Windows\SYSTEM32\dxcore.dll
0x00007ffe3d4c0000 - 0x00007ffe3d58b000 	C:\Windows\SYSTEM32\DNSAPI.dll
0x00007ffe3d480000 - 0x00007ffe3d4bb000 	C:\Windows\SYSTEM32\IPHLPAPI.DLL
0x00007ffe409e0000 - 0x00007ffe409e8000 	C:\Windows\System32\NSI.dll
0x000000006b350000 - 0x000000006b376000 	C:\Program Files\Bonjour\mdnsNSP.dll
0x00007ffe355d0000 - 0x00007ffe355da000 	C:\Windows\System32\rasadhlp.dll
0x00007ffe347b0000 - 0x00007ffe34830000 	C:\Windows\System32\fwpuclnt.dll
0x00007ffe1f370000 - 0x00007ffe1f39d000 	C:\Users\AGENT17\.openjfx\cache\17\javafx_iio.dll
0x00007ffe1f960000 - 0x00007ffe1f974000 	C:\Users\AGENT17\.openjfx\cache\17\javafx_font.dll
0x00007ffe23e10000 - 0x00007ffe2408f000 	C:\Windows\SYSTEM32\dwrite.dll
0x00007ffe3eaf0000 - 0x00007ffe3eb99000 	C:\Windows\System32\clbcatq.dll
0x00007ffe272a0000 - 0x00007ffe27454000 	C:\Windows\SYSTEM32\WindowsCodecs.dll
0x00007ffe06dc0000 - 0x00007ffe06dfe000 	C:\Windows\system32\dataexchange.dll
0x00007ffe39530000 - 0x00007ffe39793000 	C:\Windows\system32\d3d11.dll
0x00007ffe3a220000 - 0x00007ffe3a405000 	C:\Windows\system32\dcomp.dll
0x00007ffe3c970000 - 0x00007ffe3ca63000 	C:\Windows\system32\dxgi.dll
0x00007ffe36930000 - 0x00007ffe36b33000 	C:\Windows\system32\twinapi.appcore.dll

dbghelp: loaded successfully - version: 4.0.5 - missing functions: none
symbol engine: initialized successfully - sym options: 0x614 - pdb path: .;C:\Users\AGENT17\.jdks\jbrsdk-17.0.9\bin;C:\Windows\SYSTEM32;C:\Windows\WinSxS\amd64_microsoft.windows.common-controls_6595b64144ccf1df_6.0.19041.3636_none_60b6a03d71f818d5;C:\Users\AGENT17\.jdks\jbrsdk-17.0.9\bin\server;C:\Users\AGENT17\.openjfx\cache\17;C:\Windows\System32\DriverStore\FileRepository\iigd_dch.inf_amd64_b1928ccaeba51df7;C:\Windows\System32\DriverStore\FileRepository\nvlt.inf_amd64_da683277df6a6d51;C:\Program Files\Bonjour;C:\Program Files\Common Files\Microsoft Shared\Ink

VM Arguments:
jvm_args: --module-path=C:\Users\AGENT17\.m2\repository\org\openjfx\javafx-base\17\javafx-base-17-win.jar;C:\Users\AGENT17\.m2\repository\org\openjfx\javafx-base\17\javafx-base-17.jar;C:\Users\AGENT17\.m2\repository\org\openjfx\javafx-controls\17\javafx-controls-17-win.jar;C:\Users\AGENT17\.m2\repository\org\openjfx\javafx-controls\17\javafx-controls-17.jar;C:\Users\AGENT17\.m2\repository\org\openjfx\javafx-fxml\17\javafx-fxml-17-win.jar;C:\Users\AGENT17\.m2\repository\org\openjfx\javafx-fxml\17\javafx-fxml-17.jar;C:\Users\AGENT17\.m2\repository\org\openjfx\javafx-graphics\17\javafx-graphics-17-win.jar;C:\Users\AGENT17\.m2\repository\org\openjfx\javafx-graphics\17\javafx-graphics-17.jar --add-modules=javafx.base,javafx.base,javafx.controls,javafx.controls,javafx.fxml,javafx.fxml,javafx.graphics,javafx.graphics 
java_command: test.ServiceFX
java_class_path (initial): F:\ESPRIT\SwapNShareJAVA\target\classes;C:\Users\AGENT17\.m2\repository\com\google\protobuf\protobuf-java\3.21.9\protobuf-java-3.21.9.jar;C:\Users\AGENT17\.m2\repository\com\mysql\mysql-connector-j\8.0.33\mysql-connector-j-8.0.33.jar
Launcher Type: SUN_STANDARD

[Global flags]
     intx CICompilerCount                          = 4                                         {product} {ergonomic}
     uint ConcGCThreads                            = 2                                         {product} {ergonomic}
     uint G1ConcRefinementThreads                  = 8                                         {product} {ergonomic}
   size_t G1HeapRegionSize                         = 2097152                                   {product} {ergonomic}
    uintx GCDrainStackTargetSize                   = 64                                        {product} {ergonomic}
   size_t InitialHeapSize                          = 199229440                                 {product} {ergonomic}
   size_t MarkStackSize                            = 4194304                                   {product} {ergonomic}
   size_t MaxHeapSize                              = 3181379584                                {product} {ergonomic}
   size_t MaxNewSize                               = 1908408320                                {product} {ergonomic}
   size_t MinHeapDeltaBytes                        = 2097152                                   {product} {ergonomic}
   size_t MinHeapSize                              = 8388608                                   {product} {ergonomic}
    uintx NonNMethodCodeHeapSize                   = 5839372                                {pd product} {ergonomic}
    uintx NonProfiledCodeHeapSize                  = 122909434                              {pd product} {ergonomic}
    uintx ProfiledCodeHeapSize                     = 122909434                              {pd product} {ergonomic}
    uintx ReservedCodeCacheSize                    = 251658240                              {pd product} {ergonomic}
     bool SegmentedCodeCache                       = true                                      {product} {ergonomic}
   size_t SoftMaxHeapSize                          = 3181379584                             {manageable} {ergonomic}
     bool UseCompressedClassPointers               = true                           {product lp64_product} {ergonomic}
     bool UseCompressedOops                        = true                           {product lp64_product} {ergonomic}
     bool UseG1GC                                  = true                                      {product} {ergonomic}
     bool UseLargePagesIndividualAllocation        = false                                  {pd product} {ergonomic}

Logging:
Log output configuration:
 #0: stdout all=warning uptime,level,tags
 #1: stderr all=off uptime,level,tags

Environment Variables:
PATH=C:\Program Files (x86)\VMware\VMware Workstation\bin\;C:\oraclexe\app\oracle\product\11.2.0\server\bin;;F:\app\AGENT17\product\11.2.0\dbhome_1\bin;C:\oraclexe\app\oracle\product\11.2.0\server\bin;C:\Windows\system32;C:\Windows;C:\Windows\System32\Wbem;C:\Windows\System32\WindowsPowerShell\v1.0\;C:\Windows\System32\OpenSSH\;C:\Program Files (x86)\Dev-Cpp\MinGW64\bin;C:\GnuWin32\bin;C:\Program Files\nodejs\;C:\xampp\php;C:\ProgramData\ComposerSetup\bin;C:\Program Files\Git\cmd;C:\Program Files\Git\mingw64\bin;C:\Program Files\Git\usr\bin;C:\Users\AGENT17\AppData\Programs\Python\Python39;C:\Program Files\dotnet\;C:\Program Files (x86)\Microsoft SQL Server\160\Tools\Binn\;C:\Program Files\Microsoft SQL Server\160\Tools\Binn\;C:\Program Files\Microsoft SQL Server\Client SDK\ODBC\170\Tools\Binn\;C:\Program Files\Microsoft SQL Server\160\DTS\Binn\;C:\Program Files (x86)\Microsoft SQL Server\160\DTS\Binn\;C:\Program Files\Azure Data Studio\bin;C:\Users\AGENT17\.jdks\jbrsdk-17.0.9\bin;C:\Users\AGENT17\AppData\Local\Microsoft\WindowsApps;C:\Users\AGENT17\AppData\Local\Programs\Microsoft VS Code\bin;C:\Users\AGENT17\AppData\Roaming\npm;C:\Users\AGENT17\AppData\Roaming\Composer\vendor\bin;C:\xampp\tomcat\bin;C:\Program Files\MongoDB\Server\4.4\bin;C:\xampp\tomcat\webapps\axis\WEB-INF\lib;C:\src\flutter\bin;C:\Users\AGENT17\.dotnet\tools;C:\Program Files\Azure Data Studio\bin;F:\mongosh-1.10.6-win32-x64\bin;C:\Program Files (x86)\GnuWin32\bin;
USERNAME=AGENT17
OS=Windows_NT
PROCESSOR_IDENTIFIER=Intel64 Family 6 Model 142 Stepping 12, GenuineIntel
TMP=C:\Users\AGENT17\AppData\Local\Temp
TEMP=C:\Users\AGENT17\AppData\Local\Temp



Periodic native trim disabled

JNI global refs:
JNI global refs: 28, weak refs: 0

JNI global refs memory usage: 843, weak refs: 841

OOME stack traces (most recent first):
Classloader memory used:
Loader bootstrap                                                                       : 1838K
Loader jdk.internal.loader.ClassLoaders$AppClassLoader                                 : 1742K
Loader jdk.internal.loader.ClassLoaders$PlatformClassLoader                            : 43699B
Loader jdk.internal.reflect.DelegatingClassLoader                                      : 10892B
Loader com.sun.javafx.reflect.MethodUtil                                               : 510B


---------------  S Y S T E M  ---------------

OS:
 Windows 10 , 64 bit Build 19041 (10.0.19041.3636)
OS uptime: 8 days 0:16 hours

CPU: total 8 (initial active 8) (4 cores per cpu, 2 threads per core) family 6 model 142 stepping 12 microcode 0xb8, cx8, cmov, fxsr, ht, mmx, 3dnowpref, sse, sse2, sse3, ssse3, sse4.1, sse4.2, popcnt, lzcnt, tsc, tscinvbit, avx, avx2, aes, erms, clmul, bmi1, bmi2, adx, fma, vzeroupper, clflush, clflushopt
Processor Information for all 8 processors :
  Max Mhz: 1800, Current Mhz: 1600, Mhz Limit: 1584

Memory: 4k page, system-wide physical 12133M (1060M free)
TotalPageFile size 20671M (AvailPageFile size 5M)
current process WorkingSet (physical memory assigned to process): 308M, peak: 308M
current process commit charge ("private bytes"): 403M, peak: 407M

vm_info: OpenJDK 64-Bit Server VM (17.0.9+7-b1087.7) for windows-amd64 JRE (17.0.9+7-b1087.7), built on 2023-11-17 by "builduser" with MS VC++ 16.10 / 16.11 (VS2019)

END.
