#
# There is insufficient memory for the Java Runtime Environment to continue.
# Native memory allocation (mmap) failed to map 199229440 bytes for G1 virtual space
# Possible reasons:
#   The system is out of physical RAM or swap space
#   The process is running with CompressedOops enabled, and the Java Heap may be blocking the growth of the native heap
# Possible solutions:
#   Reduce memory load on the system
#   Increase physical memory or swap space
#   Check if swap backing store is full
#   Decrease Java heap size (-Xmx/-Xms)
#   Decrease number of Java threads
#   Decrease Java thread stack sizes (-Xss)
#   Set larger code cache with -XX:ReservedCodeCacheSize=
#   JVM is running with Zero Based Compressed Oops mode in which the Java heap is
#     placed in the first 32GB address space. The Java Heap base address is the
#     maximum limit for the native heap growth. Please use -XX:HeapBaseMinAddress
#     to set the Java Heap base and to place the Java Heap above 32GB virtual address.
# This output file may be truncated or incomplete.
#
#  Out of Memory Error (os_windows.cpp:3825), pid=17644, tid=15924
#
# JRE version:  (17.0.9+7) (build )
# Java VM: OpenJDK 64-Bit Server VM (17.0.9+7-b1087.7, mixed mode, sharing, tiered, compressed oops, compressed class ptrs, g1 gc, windows-amd64)
# No core dump will be written. Minidumps are not enabled by default on client versions of Windows
#

---------------  S U M M A R Y ------------

Command Line: --module-path=C:\Users\AGENT17\.m2\repository\org\openjfx\javafx-base\17\javafx-base-17-win.jar;C:\Users\AGENT17\.m2\repository\org\openjfx\javafx-base\17\javafx-base-17.jar;C:\Users\AGENT17\.m2\repository\org\openjfx\javafx-controls\17\javafx-controls-17-win.jar;C:\Users\AGENT17\.m2\repository\org\openjfx\javafx-controls\17\javafx-controls-17.jar;C:\Users\AGENT17\.m2\repository\org\openjfx\javafx-fxml\17\javafx-fxml-17-win.jar;C:\Users\AGENT17\.m2\repository\org\openjfx\javafx-fxml\17\javafx-fxml-17.jar;C:\Users\AGENT17\.m2\repository\org\openjfx\javafx-graphics\17\javafx-graphics-17-win.jar;C:\Users\AGENT17\.m2\repository\org\openjfx\javafx-graphics\17\javafx-graphics-17.jar --add-modules=javafx.base,javafx.base,javafx.controls,javafx.controls,javafx.fxml,javafx.fxml,javafx.graphics,javafx.graphics test.ServiceFX

Host: Intel(R) Core(TM) i5-8265U CPU @ 1.60GHz, 8 cores, 11G,  Windows 10 , 64 bit Build 19041 (10.0.19041.3636)
Time: Sat Apr 20 16:44:30 2024 W. Central Africa Standard Time elapsed time: 0.010414 seconds (0d 0h 0m 0s)

---------------  T H R E A D  ---------------

Current thread (0x00000229958407d0):  JavaThread "Unknown thread" [_thread_in_vm, id=15924, stack(0x000000ef2f000000,0x000000ef2f100000)]

Stack: [0x000000ef2f000000,0x000000ef2f100000]
Native frames: (J=compiled Java code, j=interpreted, Vv=VM code, C=native code)
V  [jvm.dll+0x6886e9]  os::platform_print_native_stack+0xd9  (os_windows_x86.cpp:235)
V  [jvm.dll+0x841e4a]  VMError::report+0xc6a  (vmError.cpp:855)
V  [jvm.dll+0x843a8e]  VMError::report_and_die+0x78e  (vmError.cpp:1749)
V  [jvm.dll+0x8440f3]  VMError::report_and_die+0x43  (vmError.cpp:1535)
V  [jvm.dll+0x24c14f]  report_vm_out_of_memory+0x8f  (debug.cpp:321)
V  [jvm.dll+0x685499]  os::pd_commit_memory_or_exit+0xc9  (os_windows.cpp:3833)
V  [jvm.dll+0x679c2a]  os::commit_memory_or_exit+0x2a  (os.cpp:1739)
V  [jvm.dll+0x30cf9b]  G1PageBasedVirtualSpace::commit+0x19b  (g1PageBasedVirtualSpace.cpp:204)
V  [jvm.dll+0x314446]  G1RegionsLargerThanCommitSizeMapper::commit_regions+0x96  (g1RegionToSpaceMapper.cpp:100)
V  [jvm.dll+0x36425e]  HeapRegionManager::expand_any+0xee  (heapRegionManager.cpp:363)
V  [jvm.dll+0x36448f]  HeapRegionManager::expand_by+0x7f  (heapRegionManager.cpp:380)
V  [jvm.dll+0x2e2d68]  G1CollectedHeap::expand+0xb8  (g1CollectedHeap.cpp:1298)
V  [jvm.dll+0x2e3cd4]  G1CollectedHeap::initialize+0x664  (g1CollectedHeap.cpp:1719)
V  [jvm.dll+0x8129f1]  universe_init+0xb1  (universe.cpp:736)
V  [jvm.dll+0x3720c1]  init_globals+0x31  (init.cpp:124)
V  [jvm.dll+0x7f152c]  Threads::create_vm+0x60c  (thread.cpp:2909)
V  [jvm.dll+0x3f5d4f]  JNI_CreateJavaVM_inner+0x8f  (jni.cpp:3635)
V  [jvm.dll+0x3f7981]  JNI_CreateJavaVM+0x11  (jni.cpp:3727)
C  [jli.dll+0x528f]  JavaMain+0x113  (java.c:413)
C  [ucrtbase.dll+0x21bb2]
C  [KERNEL32.DLL+0x17344]
C  [ntdll.dll+0x526b1]


---------------  P R O C E S S  ---------------

Threads class SMR info:
_java_thread_list=0x00007ffde3fbef18, length=0, elements={
}

Java Threads: ( => current thread )

Other Threads:
  0x0000022995898a70 GCTaskThread "GC Thread#0" [stack: 0x000000ef2f100000,0x000000ef2f200000] [id=18156]
  0x00000229958a5660 ConcurrentGCThread "G1 Main Marker" [stack: 0x000000ef2f200000,0x000000ef2f300000] [id=8272]
  0x00000229958a6730 ConcurrentGCThread "G1 Conc#0" [stack: 0x000000ef2f300000,0x000000ef2f400000] [id=5980]

[error occurred during error reporting (printing all threads), id 0xc0000005, EXCEPTION_ACCESS_VIOLATION (0xc0000005) at pc=0x00007ffde3773937]

VM state: not at safepoint (not fully initialized)

VM Mutex/Monitor currently owned by a thread:  ([mutex/lock_event])
[0x000002299583bb20] Heap_lock - owner thread: 0x00000229958407d0

Heap address: 0x0000000742600000, size: 3034 MB, Compressed Oops mode: Zero based, Oop shift amount: 3

CDS archive(s) mapped at: [0x0000000000000000-0x0000000000000000-0x0000000000000000), size 0, SharedBaseAddress: 0x0000000800000000, ArchiveRelocationMode: 1.
Narrow klass base: 0x0000000000000000, Narrow klass shift: 0, Narrow klass range: 0x0

GC Precious Log:
<Empty>

Heap:
 garbage-first heap   total 0K, used 0K [0x0000000742600000, 0x0000000800000000)
  region size 2048K, 0 young (0K), 0 survivors (0K)
 Metaspace       used 0K, committed 0K, reserved 0K
  class space    used 0K, committed 0K, reserved 0K

Heap Regions: E=young(eden), S=young(survivor), O=old, HS=humongous(starts), HC=humongous(continues), CS=collection set, F=free, OA=open archive, CA=closed archive, TAMS=top-at-mark-start (previous, next)

Card table byte_map: [0x00000229aa870000,0x00000229aae60000] _byte_map_base: 0x00000229a6e5d000

Marking Bits (Prev, Next): (CMBitMap*) 0x0000022995898fa0, (CMBitMap*) 0x0000022995898fe0
 Prev Bits: [0x00000229ab450000, 0x00000229ae3b8000)
 Next Bits: [0x00000229ae3c0000, 0x00000229b1328000)

GC Heap History (0 events):
No events

Dll operation events (1 events):
Event: 0.005 Loaded shared library C:\Users\AGENT17\.jdks\jbrsdk-17.0.9\bin\java.dll

Deoptimization events (0 events):
No events

Classes unloaded (0 events):
No events

Classes redefined (0 events):
No events

Internal exceptions (0 events):
No events

VM Operations (0 events):
No events

Events (0 events):
No events


Dynamic libraries:
0x00007ff781a80000 - 0x00007ff781a8a000 	C:\Users\AGENT17\.jdks\jbrsdk-17.0.9\bin\java.exe
0x00007ffe40a30000 - 0x00007ffe40c28000 	C:\Windows\SYSTEM32\ntdll.dll
0x00007ffe3f880000 - 0x00007ffe3f93d000 	C:\Windows\System32\KERNEL32.DLL
0x00007ffe3e540000 - 0x00007ffe3e836000 	C:\Windows\System32\KERNELBASE.dll
0x00007ffe3e340000 - 0x00007ffe3e440000 	C:\Windows\System32\ucrtbase.dll
0x00007ffe2e2b0000 - 0x00007ffe2e2cb000 	C:\Users\AGENT17\.jdks\jbrsdk-17.0.9\bin\VCRUNTIME140.dll
0x00007ffe28050000 - 0x00007ffe28067000 	C:\Users\AGENT17\.jdks\jbrsdk-17.0.9\bin\jli.dll
0x00007ffe3efc0000 - 0x00007ffe3f15f000 	C:\Windows\System32\USER32.dll
0x00007ffe2abc0000 - 0x00007ffe2ae5a000 	C:\Windows\WinSxS\amd64_microsoft.windows.common-controls_6595b64144ccf1df_6.0.19041.3636_none_60b6a03d71f818d5\COMCTL32.dll
0x00007ffe3ea30000 - 0x00007ffe3ea52000 	C:\Windows\System32\win32u.dll
0x00007ffe3fe80000 - 0x00007ffe3ff1e000 	C:\Windows\System32\msvcrt.dll
0x00007ffe3eac0000 - 0x00007ffe3eaeb000 	C:\Windows\System32\GDI32.dll
0x00007ffe3e840000 - 0x00007ffe3e957000 	C:\Windows\System32\gdi32full.dll
0x00007ffe3e960000 - 0x00007ffe3e9fd000 	C:\Windows\System32\msvcp_win.dll
0x00007ffe400d0000 - 0x00007ffe40102000 	C:\Windows\System32\IMM32.DLL
0x00007ffe34360000 - 0x00007ffe3436c000 	C:\Users\AGENT17\.jdks\jbrsdk-17.0.9\bin\vcruntime140_1.dll
0x00007ffdfe240000 - 0x00007ffdfe2cd000 	C:\Users\AGENT17\.jdks\jbrsdk-17.0.9\bin\msvcp140.dll
0x00007ffde3480000 - 0x00007ffde4103000 	C:\Users\AGENT17\.jdks\jbrsdk-17.0.9\bin\server\jvm.dll
0x00007ffe3fa70000 - 0x00007ffe3fb20000 	C:\Windows\System32\ADVAPI32.dll
0x00007ffe40030000 - 0x00007ffe400d0000 	C:\Windows\System32\sechost.dll
0x00007ffe3f160000 - 0x00007ffe3f283000 	C:\Windows\System32\RPCRT4.dll
0x00007ffe3ea00000 - 0x00007ffe3ea27000 	C:\Windows\System32\bcrypt.dll
0x00007ffe30d40000 - 0x00007ffe30d67000 	C:\Windows\SYSTEM32\WINMM.dll
0x00007ffe3df40000 - 0x00007ffe3df8b000 	C:\Windows\SYSTEM32\POWRPROF.dll
0x00007ffe300e0000 - 0x00007ffe300e9000 	C:\Windows\SYSTEM32\WSOCK32.dll
0x00007ffe37d10000 - 0x00007ffe37d1a000 	C:\Windows\SYSTEM32\VERSION.dll
0x00007ffe3f810000 - 0x00007ffe3f87b000 	C:\Windows\System32\WS2_32.dll
0x00007ffe3df20000 - 0x00007ffe3df32000 	C:\Windows\SYSTEM32\UMPDC.dll
0x00007ffe3c950000 - 0x00007ffe3c962000 	C:\Windows\SYSTEM32\kernel.appcore.dll
0x00007ffe34020000 - 0x00007ffe3402a000 	C:\Users\AGENT17\.jdks\jbrsdk-17.0.9\bin\jimage.dll
0x00007ffe3b8d0000 - 0x00007ffe3bab4000 	C:\Windows\SYSTEM32\DBGHELP.DLL
0x00007ffe36b40000 - 0x00007ffe36b74000 	C:\Windows\SYSTEM32\dbgcore.DLL
0x00007ffe3e2b0000 - 0x00007ffe3e332000 	C:\Windows\System32\bcryptPrimitives.dll
0x00007ffe1f9d0000 - 0x00007ffe1f9f5000 	C:\Users\AGENT17\.jdks\jbrsdk-17.0.9\bin\java.dll

dbghelp: loaded successfully - version: 4.0.5 - missing functions: none
symbol engine: initialized successfully - sym options: 0x614 - pdb path: .;C:\Users\AGENT17\.jdks\jbrsdk-17.0.9\bin;C:\Windows\SYSTEM32;C:\Windows\WinSxS\amd64_microsoft.windows.common-controls_6595b64144ccf1df_6.0.19041.3636_none_60b6a03d71f818d5;C:\Users\AGENT17\.jdks\jbrsdk-17.0.9\bin\server

VM Arguments:
jvm_args: --module-path=C:\Users\AGENT17\.m2\repository\org\openjfx\javafx-base\17\javafx-base-17-win.jar;C:\Users\AGENT17\.m2\repository\org\openjfx\javafx-base\17\javafx-base-17.jar;C:\Users\AGENT17\.m2\repository\org\openjfx\javafx-controls\17\javafx-controls-17-win.jar;C:\Users\AGENT17\.m2\repository\org\openjfx\javafx-controls\17\javafx-controls-17.jar;C:\Users\AGENT17\.m2\repository\org\openjfx\javafx-fxml\17\javafx-fxml-17-win.jar;C:\Users\AGENT17\.m2\repository\org\openjfx\javafx-fxml\17\javafx-fxml-17.jar;C:\Users\AGENT17\.m2\repository\org\openjfx\javafx-graphics\17\javafx-graphics-17-win.jar;C:\Users\AGENT17\.m2\repository\org\openjfx\javafx-graphics\17\javafx-graphics-17.jar --add-modules=javafx.base,javafx.base,javafx.controls,javafx.controls,javafx.fxml,javafx.fxml,javafx.graphics,javafx.graphics 
java_command: test.ServiceFX
java_class_path (initial): F:\ESPRIT\SwapNShareJAVA\target\classes;C:\Users\AGENT17\.m2\repository\com\google\protobuf\protobuf-java\3.21.9\protobuf-java-3.21.9.jar;C:\Users\AGENT17\.m2\repository\com\mysql\mysql-connector-j\8.0.33\mysql-connector-j-8.0.33.jar
Launcher Type: SUN_STANDARD

[Global flags]
     intx CICompilerCount                          = 4                                         {product} {ergonomic}
     uint ConcGCThreads                            = 2                                         {product} {ergonomic}
     uint G1ConcRefinementThreads                  = 8                                         {product} {ergonomic}
   size_t G1HeapRegionSize                         = 2097152                                   {product} {ergonomic}
    uintx GCDrainStackTargetSize                   = 64                                        {product} {ergonomic}
   size_t InitialHeapSize                          = 199229440                                 {product} {ergonomic}
   size_t MarkStackSize                            = 4194304                                   {product} {ergonomic}
   size_t MaxHeapSize                              = 3181379584                                {product} {ergonomic}
   size_t MinHeapDeltaBytes                        = 2097152                                   {product} {ergonomic}
   size_t MinHeapSize                              = 8388608                                   {product} {ergonomic}
    uintx NonNMethodCodeHeapSize                   = 5839372                                {pd product} {ergonomic}
    uintx NonProfiledCodeHeapSize                  = 122909434                              {pd product} {ergonomic}
    uintx ProfiledCodeHeapSize                     = 122909434                              {pd product} {ergonomic}
    uintx ReservedCodeCacheSize                    = 251658240                              {pd product} {ergonomic}
     bool SegmentedCodeCache                       = true                                      {product} {ergonomic}
   size_t SoftMaxHeapSize                          = 3181379584                             {manageable} {ergonomic}
     bool UseCompressedClassPointers               = true                           {product lp64_product} {ergonomic}
     bool UseCompressedOops                        = true                           {product lp64_product} {ergonomic}
     bool UseG1GC                                  = true                                      {product} {ergonomic}
     bool UseLargePagesIndividualAllocation        = false                                  {pd product} {ergonomic}

Logging:
Log output configuration:
 #0: stdout all=warning uptime,level,tags
 #1: stderr all=off uptime,level,tags

Environment Variables:
PATH=C:\Program Files (x86)\VMware\VMware Workstation\bin\;C:\oraclexe\app\oracle\product\11.2.0\server\bin;;F:\app\AGENT17\product\11.2.0\dbhome_1\bin;C:\oraclexe\app\oracle\product\11.2.0\server\bin;C:\Windows\system32;C:\Windows;C:\Windows\System32\Wbem;C:\Windows\System32\WindowsPowerShell\v1.0\;C:\Windows\System32\OpenSSH\;C:\Program Files (x86)\Dev-Cpp\MinGW64\bin;C:\GnuWin32\bin;C:\Program Files\nodejs\;C:\xampp\php;C:\ProgramData\ComposerSetup\bin;C:\Program Files\Git\cmd;C:\Program Files\Git\mingw64\bin;C:\Program Files\Git\usr\bin;C:\Users\AGENT17\AppData\Programs\Python\Python39;C:\Program Files\dotnet\;C:\Program Files (x86)\Microsoft SQL Server\160\Tools\Binn\;C:\Program Files\Microsoft SQL Server\160\Tools\Binn\;C:\Program Files\Microsoft SQL Server\Client SDK\ODBC\170\Tools\Binn\;C:\Program Files\Microsoft SQL Server\160\DTS\Binn\;C:\Program Files (x86)\Microsoft SQL Server\160\DTS\Binn\;C:\Program Files\Azure Data Studio\bin;C:\Users\AGENT17\.jdks\jbrsdk-17.0.9\bin;C:\Users\AGENT17\AppData\Local\Microsoft\WindowsApps;C:\Users\AGENT17\AppData\Local\Programs\Microsoft VS Code\bin;C:\Users\AGENT17\AppData\Roaming\npm;C:\Users\AGENT17\AppData\Roaming\Composer\vendor\bin;C:\xampp\tomcat\bin;C:\Program Files\MongoDB\Server\4.4\bin;C:\xampp\tomcat\webapps\axis\WEB-INF\lib;C:\src\flutter\bin;C:\Users\AGENT17\.dotnet\tools;C:\Program Files\Azure Data Studio\bin;F:\mongosh-1.10.6-win32-x64\bin;C:\Program Files (x86)\GnuWin32\bin;
USERNAME=AGENT17
OS=Windows_NT
PROCESSOR_IDENTIFIER=Intel64 Family 6 Model 142 Stepping 12, GenuineIntel
TMP=C:\Users\AGENT17\AppData\Local\Temp
TEMP=C:\Users\AGENT17\AppData\Local\Temp



Periodic native trim disabled

JNI global refs:
JNI global refs: 0, weak refs: 0

JNI global refs memory usage: 0, weak refs: 0

OOME stack traces (most recent first):
Classloader memory used:


---------------  S Y S T E M  ---------------

OS:
 Windows 10 , 64 bit Build 19041 (10.0.19041.3636)
OS uptime: 7 days 15:24 hours

CPU: total 8 (initial active 8) (4 cores per cpu, 2 threads per core) family 6 model 142 stepping 12 microcode 0xb8, cx8, cmov, fxsr, ht, mmx, 3dnowpref, sse, sse2, sse3, ssse3, sse4.1, sse4.2, popcnt, lzcnt, tsc, tscinvbit, avx, avx2, aes, erms, clmul, bmi1, bmi2, adx, fma, vzeroupper, clflush, clflushopt
Processor Information for all 8 processors :
  Max Mhz: 1800, Current Mhz: 1600, Mhz Limit: 1584

Memory: 4k page, system-wide physical 12133M (526M free)
TotalPageFile size 20339M (AvailPageFile size 50M)
current process WorkingSet (physical memory assigned to process): 37M, peak: 37M
current process commit charge ("private bytes"): 86M, peak: 250M

vm_info: OpenJDK 64-Bit Server VM (17.0.9+7-b1087.7) for windows-amd64 JRE (17.0.9+7-b1087.7), built on 2023-11-17 by "builduser" with MS VC++ 16.10 / 16.11 (VS2019)

END.
